<?xml version="1.0" encoding="UTF-8"?>
<testsuite xmlns:xsi="http://www.w3.org/2001/XMLSchema-instance" xsi:noNamespaceSchemaLocation="https://maven.apache.org/surefire/maven-surefire-plugin/xsd/surefire-test-report-3.0.xsd" version="3.0" name="com.bestbuy.testsuite.ProductsAssertionTest" time="4.48" tests="2" errors="0" skipped="0" failures="0">
  <properties>
[...]
</properties>
  <testcase name="test11" classname="com.bestbuy.testsuite.ProductsAssertionTest" time="1.292"/>
  <testcase name="test12" classname="com.bestbuy.testsuite.ProductsAssertionTest" time="0.023"/>
</testsuite>