<?xml version="1.0" encoding="UTF-8"?>
<testsuite xmlns:xsi="http://www.w3.org/2001/XMLSchema-instance" xsi:noNamespaceSchemaLocation="https://maven.apache.org/surefire/maven-surefire-plugin/xsd/surefire-test-report-3.0.xsd" version="3.0" name="com.bestbuy.testsuite.StoresExtractionTest" time="1.371" tests="20" errors="0" skipped="0" failures="0">
  <properties>
[...]
</properties>
  <testcase name="test008" classname="com.bestbuy.testsuite.StoresExtractionTest" time="0.079">
    <system-out><![CDATA[------------------Starting Test---------------------------
The address of the store where store name = Rochester is : [4050 Hwy 52 N]
------------------End of Test---------------------------
]]></system-out>
  </testcase>
  <testcase name="test009" classname="com.bestbuy.testsuite.StoresExtractionTest" time="0.098">
    <system-out><![CDATA[------------------Starting Test---------------------------
The all the services of 8th products are : [{id=1, name=Geek Squad Services, createdAt=2016-11-17T17:56:35.881Z, updatedAt=2016-11-17T17:56:35.881Z, storeservices={createdAt=2016-11-17T17:57:08.218Z, updatedAt=2016-11-17T17:57:08.218Z, storeId=13, serviceId=1}}, {id=2, name=Best Buy Mobile, createdAt=2016-11-17T17:56:35.881Z, updatedAt=2016-11-17T17:56:35.881Z, storeservices={createdAt=2016-11-17T17:57:08.218Z, updatedAt=2016-11-17T17:57:08.218Z, storeId=13, serviceId=2}}, {id=3, name=Best Buy For Business, createdAt=2016-11-17T17:56:35.881Z, updatedAt=2016-11-17T17:56:35.881Z, storeservices={createdAt=2016-11-17T17:57:08.218Z, updatedAt=2016-11-17T17:57:08.218Z, storeId=13, serviceId=3}}, {id=4, name=Apple Shop, createdAt=2016-11-17T17:56:35.881Z, updatedAt=2016-11-17T17:56:35.881Z, storeservices={createdAt=2016-11-17T17:57:08.218Z, updatedAt=2016-11-17T17:57:08.218Z, storeId=13, serviceId=4}}, {id=7, name=Electronics Recycling, createdAt=2016-11-17T17:56:35.881Z, updatedAt=2016-11-17T17:56:35.881Z, storeservices={createdAt=2016-11-17T17:57:08.218Z, updatedAt=2016-11-17T17:57:08.218Z, storeId=13, serviceId=7}}, {id=10, name=Windows Store, createdAt=2016-11-17T17:56:35.881Z, updatedAt=2016-11-17T17:56:35.881Z, storeservices={createdAt=2016-11-17T17:57:08.218Z, updatedAt=2016-11-17T17:57:08.218Z, storeId=13, serviceId=10}}, {id=11, name=Samsung Experience, createdAt=2016-11-17T17:56:35.881Z, updatedAt=2016-11-17T17:56:35.881Z, storeservices={createdAt=2016-11-17T17:57:08.218Z, updatedAt=2016-11-17T17:57:08.218Z, storeId=13, serviceId=11}}, {id=12, name=Car & GPS Installation Services, createdAt=2016-11-17T17:56:35.881Z, updatedAt=2016-11-17T17:56:35.881Z, storeservices={createdAt=2016-11-17T17:57:08.218Z, updatedAt=2016-11-17T17:57:08.218Z, storeId=13, serviceId=12}}, {id=13, name=LG Experience , createdAt=2016-11-17T17:56:35.881Z, updatedAt=2016-11-17T17:56:35.881Z, storeservices={createdAt=2016-11-17T17:57:08.218Z, updatedAt=2016-11-17T17:57:08.218Z, storeId=13, serviceId=13}}, {id=14, name=Sony Experience , createdAt=2016-11-17T17:56:35.881Z, updatedAt=2016-11-17T17:56:35.881Z, storeservices={createdAt=2016-11-17T17:57:08.218Z, updatedAt=2016-11-17T17:57:08.218Z, storeId=13, serviceId=14}}, {id=15, name=Best Buy Marine Powered by Geek Squad, createdAt=2016-11-17T17:56:35.881Z, updatedAt=2016-11-17T17:56:35.881Z, storeservices={createdAt=2016-11-17T17:57:08.218Z, updatedAt=2016-11-17T17:57:08.218Z, storeId=13, serviceId=15}}]
------------------End of Test---------------------------
]]></system-out>
  </testcase>
  <testcase name="test010" classname="com.bestbuy.testsuite.StoresExtractionTest" time="0.093">
    <system-out><![CDATA[------------------Starting Test---------------------------
The storeservices of the store where service name = Windows Store are: [[{createdAt=2016-11-17T17:57:09.213Z, updatedAt=2016-11-17T17:57:09.213Z, storeId=4, serviceId=10}], [{createdAt=2016-11-17T17:57:09.414Z, updatedAt=2016-11-17T17:57:09.414Z, storeId=6, serviceId=10}], [{createdAt=2016-11-17T17:57:09.417Z, updatedAt=2016-11-17T17:57:09.417Z, storeId=7, serviceId=10}], [], [{createdAt=2016-11-17T17:57:08.033Z, updatedAt=2016-11-17T17:57:08.033Z, storeId=10, serviceId=10}], [{createdAt=2016-11-17T17:57:08.154Z, updatedAt=2016-11-17T17:57:08.154Z, storeId=11, serviceId=10}], [{createdAt=2016-11-17T17:57:08.169Z, updatedAt=2016-11-17T17:57:08.169Z, storeId=12, serviceId=10}], [{createdAt=2016-11-17T17:57:08.218Z, updatedAt=2016-11-17T17:57:08.218Z, storeId=13, serviceId=10}], [{createdAt=2016-11-17T17:57:08.328Z, updatedAt=2016-11-17T17:57:08.328Z, storeId=14, serviceId=10}], [{createdAt=2016-11-17T17:57:08.361Z, updatedAt=2016-11-17T17:57:08.361Z, storeId=15, serviceId=10}]]
------------------End of Test---------------------------
]]></system-out>
  </testcase>
  <testcase name="test011" classname="com.bestbuy.testsuite.StoresExtractionTest" time="0.071">
    <system-out><![CDATA[------------------Starting Test---------------------------
The the storeId of all the stores are : [[4, 4, 4, 4, 4, 4, 4, 4, 4, 4, 4, 4, 4, 4], [6, 6, 6, 6, 6, 6, 6, 6, 6, 6], [7, 7, 7, 7, 7, 7, 7, 7, 7, 7, 7, 7, 7, 7], [8, 8, 8, 8, 8, 8, 8], [10, 10, 10, 10, 10, 10, 10, 10, 10, 10, 10, 10], [11, 11, 11, 11, 11, 11, 11, 11], [12, 12, 12, 12, 12, 12, 12, 12, 12, 12], [13, 13, 13, 13, 13, 13, 13, 13, 13, 13, 13], [14, 14, 14, 14, 14, 14, 14, 14, 14, 14], [15, 15, 15, 15, 15, 15, 15, 15, 15, 15, 15, 15, 15]]
------------------End of Test---------------------------
]]></system-out>
  </testcase>
  <testcase name="test012" classname="com.bestbuy.testsuite.StoresExtractionTest" time="0.236">
    <system-out><![CDATA[------------------Starting Test---------------------------
The storeId of all the stores are : [4, 6, 7, 8, 10, 11, 12, 13, 14, 15]
------------------End of Test---------------------------
]]></system-out>
  </testcase>
  <testcase name="test013" classname="com.bestbuy.testsuite.StoresExtractionTest" time="0.034">
    <system-out><![CDATA[------------------Starting Test---------------------------
The store names Where state = ND: [Fargo]
------------------End of Test---------------------------
]]></system-out>
  </testcase>
  <testcase name="test014" classname="com.bestbuy.testsuite.StoresExtractionTest" time="0.038">
    <system-out><![CDATA[------------------Starting Test---------------------------
The Total number of services for the store where store name = Rochester is : 10
------------------End of Test---------------------------
]]></system-out>
  </testcase>
  <testcase name="test016" classname="com.bestbuy.testsuite.StoresExtractionTest" time="0.052">
    <system-out><![CDATA[------------------Starting Test---------------------------
The name of all services Where store name = “Fargo” are : [[Geek Squad Services, Best Buy Mobile, Best Buy For Business, Apple Shop, Electronics Recycling, Windows Store, Samsung Experience, Car & GPS Installation Services, LG Experience , Sony Experience , Best Buy Marine Powered by Geek Squad]]
------------------End of Test---------------------------
]]></system-out>
  </testcase>
  <testcase name="test017" classname="com.bestbuy.testsuite.StoresExtractionTest" time="0.039">
    <system-out><![CDATA[------------------Starting Test---------------------------
The zip of all the store are : [55305, 55077, 55113, 55337, 55109, 55434, 56301, 58103, 55901, 55128]
------------------End of Test---------------------------
]]></system-out>
  </testcase>
  <testcase name="test018" classname="com.bestbuy.testsuite.StoresExtractionTest" time="0.06">
    <system-out><![CDATA[------------------Starting Test---------------------------
The zip of store name = Roseville is : [55113]
------------------End of Test---------------------------
]]></system-out>
  </testcase>
  <testcase name="test019" classname="com.bestbuy.testsuite.StoresExtractionTest" time="0.059">
    <system-out><![CDATA[------------------Starting Test---------------------------
The storeservices details of the service name = Magnolia Home Theater are : [[], [], [{createdAt=2016-11-17T17:57:09.417Z, updatedAt=2016-11-17T17:57:09.417Z, storeId=7, serviceId=8}], [], [{createdAt=2016-11-17T17:57:08.033Z, updatedAt=2016-11-17T17:57:08.033Z, storeId=10, serviceId=8}], [], [], [], [], []]
------------------End of Test---------------------------
]]></system-out>
  </testcase>
  <testcase name="test020" classname="com.bestbuy.testsuite.StoresExtractionTest" time="0.034">
    <system-out><![CDATA[------------------Starting Test---------------------------
The zip of all the store are : [44.969658, 44.879314, 45.01651, 44.747402, 45.036556, 45.12618, 45.55275, 46.857113, 44.064365, 44.950054]
------------------End of Test---------------------------
]]></system-out>
  </testcase>
  <testcase name="test0115" classname="com.bestbuy.testsuite.StoresExtractionTest" time="0.033">
    <system-out><![CDATA[------------------Starting Test---------------------------
The createdAt for all services whose name = “Windows Store”: [[2016-11-17T17:56:35.881Z], [2016-11-17T17:56:35.881Z], [2016-11-17T17:56:35.881Z], [], [2016-11-17T17:56:35.881Z], [2016-11-17T17:56:35.881Z], [2016-11-17T17:56:35.881Z], [2016-11-17T17:56:35.881Z], [2016-11-17T17:56:35.881Z], [2016-11-17T17:56:35.881Z]]
------------------End of Test---------------------------
]]></system-out>
  </testcase>
  <testcase name="test01" classname="com.bestbuy.testsuite.StoresExtractionTest" time="0.054">
    <system-out><![CDATA[------------------StartingTest---------------------------
The value of limit is : 10
------------------End of Test---------------------------
]]></system-out>
  </testcase>
  <testcase name="test02" classname="com.bestbuy.testsuite.StoresExtractionTest" time="0.044">
    <system-out><![CDATA[------------------StartingTest---------------------------
The value of total is : 1561
------------------End of Test---------------------------
]]></system-out>
  </testcase>
  <testcase name="test03" classname="com.bestbuy.testsuite.StoresExtractionTest" time="0.044">
    <system-out><![CDATA[------------------StartingTest---------------------------
The value of name is : Maplewood
------------------End of Test---------------------------
]]></system-out>
  </testcase>
  <testcase name="test04" classname="com.bestbuy.testsuite.StoresExtractionTest" time="0.04">
    <system-out><![CDATA[------------------StartingTest---------------------------
The value of all store name is : [Minnetonka, Inver Grove Heights, Roseville, Burnsville, Maplewood, Northtown, St Cloud, Fargo, Rochester, Oakdale]
------------------End of Test---------------------------
]]></system-out>
  </testcase>
  <testcase name="test05" classname="com.bestbuy.testsuite.StoresExtractionTest" time="0.029">
    <system-out><![CDATA[------------------StartingTest---------------------------
The value of all storeId is : [[4, 4, 4, 4, 4, 4, 4, 4, 4, 4, 4, 4, 4, 4], [6, 6, 6, 6, 6, 6, 6, 6, 6, 6], [7, 7, 7, 7, 7, 7, 7, 7, 7, 7, 7, 7, 7, 7], [8, 8, 8, 8, 8, 8, 8], [10, 10, 10, 10, 10, 10, 10, 10, 10, 10, 10, 10], [11, 11, 11, 11, 11, 11, 11, 11], [12, 12, 12, 12, 12, 12, 12, 12, 12, 12], [13, 13, 13, 13, 13, 13, 13, 13, 13, 13, 13], [14, 14, 14, 14, 14, 14, 14, 14, 14, 14], [15, 15, 15, 15, 15, 15, 15, 15, 15, 15, 15, 15, 15]]
------------------End of Test---------------------------
]]></system-out>
  </testcase>
  <testcase name="test06" classname="com.bestbuy.testsuite.StoresExtractionTest" time="0.052">
    <system-out><![CDATA[------------------StartingTest---------------------------
The value of data list size is : [{id=4, name=Minnetonka, type=BigBox, address=13513 Ridgedale Dr, address2=, city=Hopkins, state=MN, zip=55305, lat=44.969658, lng=-93.44954, hours=Mon: 10-9; Tue: 10-9; Wed: 10-9; Thurs: 10-9; Fri: 10-9; Sat: 10-9; Sun: 10-8, createdAt=2016-11-17T17:57:05.708Z, updatedAt=2016-11-17T17:57:05.708Z, services=[{id=1, name=Geek Squad Services, createdAt=2016-11-17T17:56:35.881Z, updatedAt=2016-11-17T17:56:35.881Z, storeservices={createdAt=2016-11-17T17:57:09.213Z, updatedAt=2016-11-17T17:57:09.213Z, storeId=4, serviceId=1}}, {id=2, name=Best Buy Mobile, createdAt=2016-11-17T17:56:35.881Z, updatedAt=2016-11-17T17:56:35.881Z, storeservices={createdAt=2016-11-17T17:57:09.213Z, updatedAt=2016-11-17T17:57:09.213Z, storeId=4, serviceId=2}}, {id=3, name=Best Buy For Business, createdAt=2016-11-17T17:56:35.881Z, updatedAt=2016-11-17T17:56:35.881Z, storeservices={createdAt=2016-11-17T17:57:09.213Z, updatedAt=2016-11-17T17:57:09.213Z, storeId=4, serviceId=3}}, {id=4, name=Apple Shop, createdAt=2016-11-17T17:56:35.881Z, updatedAt=2016-11-17T17:56:35.881Z, storeservices={createdAt=2016-11-17T17:57:09.213Z, updatedAt=2016-11-17T17:57:09.213Z, storeId=4, serviceId=4}}, {id=7, name=Electronics Recycling, createdAt=2016-11-17T17:56:35.881Z, updatedAt=2016-11-17T17:56:35.881Z, storeservices={createdAt=2016-11-17T17:57:09.213Z, updatedAt=2016-11-17T17:57:09.213Z, storeId=4, serviceId=7}}, {id=10, name=Windows Store, createdAt=2016-11-17T17:56:35.881Z, updatedAt=2016-11-17T17:56:35.881Z, storeservices={createdAt=2016-11-17T17:57:09.213Z, updatedAt=2016-11-17T17:57:09.213Z, storeId=4, serviceId=10}}, {id=11, name=Samsung Experience, createdAt=2016-11-17T17:56:35.881Z, updatedAt=2016-11-17T17:56:35.881Z, storeservices={createdAt=2016-11-17T17:57:09.213Z, updatedAt=2016-11-17T17:57:09.213Z, storeId=4, serviceId=11}}, {id=12, name=Car & GPS Installation Services, createdAt=2016-11-17T17:56:35.881Z, updatedAt=2016-11-17T17:56:35.881Z, storeservices={createdAt=2016-11-17T17:57:09.213Z, updatedAt=2016-11-17T17:57:09.213Z, storeId=4, serviceId=12}}, {id=13, name=LG Experience , createdAt=2016-11-17T17:56:35.881Z, updatedAt=2016-11-17T17:56:35.881Z, storeservices={createdAt=2016-11-17T17:57:09.213Z, updatedAt=2016-11-17T17:57:09.213Z, storeId=4, serviceId=13}}, {id=14, name=Sony Experience , createdAt=2016-11-17T17:56:35.881Z, updatedAt=2016-11-17T17:56:35.881Z, storeservices={createdAt=2016-11-17T17:57:09.213Z, updatedAt=2016-11-17T17:57:09.213Z, storeId=4, serviceId=14}}, {id=15, name=Best Buy Marine Powered by Geek Squad, createdAt=2016-11-17T17:56:35.881Z, updatedAt=2016-11-17T17:56:35.881Z, storeservices={createdAt=2016-11-17T17:57:09.213Z, updatedAt=2016-11-17T17:57:09.213Z, storeId=4, serviceId=15}}, {id=17, name=Magnolia Design Center , createdAt=2016-11-17T17:56:35.881Z, updatedAt=2016-11-17T17:56:35.881Z, storeservices={createdAt=2016-11-17T17:57:09.213Z, updatedAt=2016-11-17T17:57:09.213Z, storeId=4, serviceId=17}}, {id=18, name=Geek Squad Solution Central, createdAt=2016-11-17T17:56:35.881Z, updatedAt=2016-11-17T17:56:35.881Z, storeservices={createdAt=2016-11-17T17:57:09.213Z, updatedAt=2016-11-17T17:57:09.213Z, storeId=4, serviceId=18}}, {id=19, name=Pacific Kitchen & Home, createdAt=2016-11-17T17:56:35.881Z, updatedAt=2016-11-17T17:56:35.881Z, storeservices={createdAt=2016-11-17T17:57:09.213Z, updatedAt=2016-11-17T17:57:09.213Z, storeId=4, serviceId=19}}]}, {id=6, name=Inver Grove Heights, type=BigBox, address=1350 50th Street E, address2=, city=Inver Grove Heights, state=MN, zip=55077, lat=44.879314, lng=-93.077156, hours=Mon: 10-9; Tue: 10-9; Wed: 10-9; Thurs: 10-9; Fri: 10-9; Sat: 10-9; Sun: 10-8, createdAt=2016-11-17T17:57:05.831Z, updatedAt=2016-11-17T17:57:05.831Z, services=[{id=1, name=Geek Squad Services, createdAt=2016-11-17T17:56:35.881Z, updatedAt=2016-11-17T17:56:35.881Z, storeservices={createdAt=2016-11-17T17:57:09.414Z, updatedAt=2016-11-17T17:57:09.414Z, storeId=6, serviceId=1}}, {id=2, name=Best Buy Mobile, createdAt=2016-11-17T17:56:35.881Z, updatedAt=2016-11-17T17:56:35.881Z, storeservices={createdAt=2016-11-17T17:57:09.414Z, updatedAt=2016-11-17T17:57:09.414Z, storeId=6, serviceId=2}}, {id=3, name=Best Buy For Business, createdAt=2016-11-17T17:56:35.881Z, updatedAt=2016-11-17T17:56:35.881Z, storeservices={createdAt=2016-11-17T17:57:09.414Z, updatedAt=2016-11-17T17:57:09.414Z, storeId=6, serviceId=3}}, {id=4, name=Apple Shop, createdAt=2016-11-17T17:56:35.881Z, updatedAt=2016-11-17T17:56:35.881Z, storeservices={createdAt=2016-11-17T17:57:09.414Z, updatedAt=2016-11-17T17:57:09.414Z, storeId=6, serviceId=4}}, {id=5, name=Hablamos Español, createdAt=2016-11-17T17:56:35.881Z, updatedAt=2016-11-17T17:56:35.881Z, storeservices={createdAt=2016-11-17T17:57:09.414Z, updatedAt=2016-11-17T17:57:09.414Z, storeId=6, serviceId=5}}, {id=7, name=Electronics Recycling, createdAt=2016-11-17T17:56:35.881Z, updatedAt=2016-11-17T17:56:35.881Z, storeservices={createdAt=2016-11-17T17:57:09.414Z, updatedAt=2016-11-17T17:57:09.414Z, storeId=6, serviceId=7}}, {id=9, name=Samsung Experience Shop, createdAt=2016-11-17T17:56:35.881Z, updatedAt=2016-11-17T17:56:35.881Z, storeservices={createdAt=2016-11-17T17:57:09.414Z, updatedAt=2016-11-17T17:57:09.414Z, storeId=6, serviceId=9}}, {id=10, name=Windows Store, createdAt=2016-11-17T17:56:35.881Z, updatedAt=2016-11-17T17:56:35.881Z, storeservices={createdAt=2016-11-17T17:57:09.414Z, updatedAt=2016-11-17T17:57:09.414Z, storeId=6, serviceId=10}}, {id=12, name=Car & GPS Installation Services, createdAt=2016-11-17T17:56:35.881Z, updatedAt=2016-11-17T17:56:35.881Z, storeservices={createdAt=2016-11-17T17:57:09.414Z, updatedAt=2016-11-17T17:57:09.414Z, storeId=6, serviceId=12}}, {id=18, name=Geek Squad Solution Central, createdAt=2016-11-17T17:56:35.881Z, updatedAt=2016-11-17T17:56:35.881Z, storeservices={createdAt=2016-11-17T17:57:09.414Z, updatedAt=2016-11-17T17:57:09.414Z, storeId=6, serviceId=18}}]}, {id=7, name=Roseville, type=BigBox, address=1643 County Road B2, address2=, city=Roseville, state=MN, zip=55113, lat=45.01651, lng=-93.16852, hours=Mon: 10-9; Tue: 10-9; Wed: 10-9; Thurs: 10-9; Fri: 10-9; Sat: 10-9; Sun: 10-8, createdAt=2016-11-17T17:57:05.853Z, updatedAt=2016-11-17T17:57:05.853Z, services=[{id=1, name=Geek Squad Services, createdAt=2016-11-17T17:56:35.881Z, updatedAt=2016-11-17T17:56:35.881Z, storeservices={createdAt=2016-11-17T17:57:09.417Z, updatedAt=2016-11-17T17:57:09.417Z, storeId=7, serviceId=1}}, {id=2, name=Best Buy Mobile, createdAt=2016-11-17T17:56:35.881Z, updatedAt=2016-11-17T17:56:35.881Z, storeservices={createdAt=2016-11-17T17:57:09.417Z, updatedAt=2016-11-17T17:57:09.417Z, storeId=7, serviceId=2}}, {id=3, name=Best Buy For Business, createdAt=2016-11-17T17:56:35.881Z, updatedAt=2016-11-17T17:56:35.881Z, storeservices={createdAt=2016-11-17T17:57:09.417Z, updatedAt=2016-11-17T17:57:09.417Z, storeId=7, serviceId=3}}, {id=4, name=Apple Shop, createdAt=2016-11-17T17:56:35.881Z, updatedAt=2016-11-17T17:56:35.881Z, storeservices={createdAt=2016-11-17T17:57:09.417Z, updatedAt=2016-11-17T17:57:09.417Z, storeId=7, serviceId=4}}, {id=5, name=Hablamos Español, createdAt=2016-11-17T17:56:35.881Z, updatedAt=2016-11-17T17:56:35.881Z, storeservices={createdAt=2016-11-17T17:57:09.417Z, updatedAt=2016-11-17T17:57:09.417Z, storeId=7, serviceId=5}}, {id=6, name=Camera Experience Shop , createdAt=2016-11-17T17:56:35.881Z, updatedAt=2016-11-17T17:56:35.881Z, storeservices={createdAt=2016-11-17T17:57:09.417Z, updatedAt=2016-11-17T17:57:09.417Z, storeId=7, serviceId=6}}, {id=7, name=Electronics Recycling, createdAt=2016-11-17T17:56:35.881Z, updatedAt=2016-11-17T17:56:35.881Z, storeservices={createdAt=2016-11-17T17:57:09.417Z, updatedAt=2016-11-17T17:57:09.417Z, storeId=7, serviceId=7}}, {id=8, name=Magnolia Home Theater, createdAt=2016-11-17T17:56:35.881Z, updatedAt=2016-11-17T17:56:35.881Z, storeservices={createdAt=2016-11-17T17:57:09.417Z, updatedAt=2016-11-17T17:57:09.417Z, storeId=7, serviceId=8}}, {id=10, name=Windows Store, createdAt=2016-11-17T17:56:35.881Z, updatedAt=2016-11-17T17:56:35.881Z, storeservices={createdAt=2016-11-17T17:57:09.417Z, updatedAt=2016-11-17T17:57:09.417Z, storeId=7, serviceId=10}}, {id=11, name=Samsung Experience, createdAt=2016-11-17T17:56:35.881Z, updatedAt=2016-11-17T17:56:35.881Z, storeservices={createdAt=2016-11-17T17:57:09.417Z, updatedAt=2016-11-17T17:57:09.417Z, storeId=7, serviceId=11}}, {id=12, name=Car & GPS Installation Services, createdAt=2016-11-17T17:56:35.881Z, updatedAt=2016-11-17T17:56:35.881Z, storeservices={createdAt=2016-11-17T17:57:09.417Z, updatedAt=2016-11-17T17:57:09.417Z, storeId=7, serviceId=12}}, {id=15, name=Best Buy Marine Powered by Geek Squad, createdAt=2016-11-17T17:56:35.881Z, updatedAt=2016-11-17T17:56:35.881Z, storeservices={createdAt=2016-11-17T17:57:09.417Z, updatedAt=2016-11-17T17:57:09.417Z, storeId=7, serviceId=15}}, {id=18, name=Geek Squad Solution Central, createdAt=2016-11-17T17:56:35.881Z, updatedAt=2016-11-17T17:56:35.881Z, storeservices={createdAt=2016-11-17T17:57:09.417Z, updatedAt=2016-11-17T17:57:09.417Z, storeId=7, serviceId=18}}, {id=19, name=Pacific Kitchen & Home, createdAt=2016-11-17T17:56:35.881Z, updatedAt=2016-11-17T17:56:35.881Z, storeservices={createdAt=2016-11-17T17:57:09.417Z, updatedAt=2016-11-17T17:57:09.417Z, storeId=7, serviceId=19}}]}, {id=8, name=Burnsville, type=BigBox, address=14141 Aldrich Ave S, address2=, city=Burnsville, state=MN, zip=55337, lat=44.747402, lng=-93.28804, hours=Mon: 10-9; Tue: 10-9; Wed: 10-9; Thurs: 10-9; Fri: 10-9; Sat: 10-9; Sun: 10-8, createdAt=2016-11-17T17:57:06.108Z, updatedAt=2016-11-17T17:57:06.108Z, services=[{id=1, name=Geek Squad Services, createdAt=2016-11-17T17:56:35.881Z, updatedAt=2016-11-17T17:56:35.881Z, storeservices={createdAt=2016-11-17T17:57:09.595Z, updatedAt=2016-11-17T17:57:09.595Z, storeId=8, serviceId=1}}, {id=2, name=Best Buy Mobile, createdAt=2016-11-17T17:56:35.881Z, updatedAt=2016-11-17T17:56:35.881Z, storeservices={createdAt=2016-11-17T17:57:09.595Z, updatedAt=2016-11-17T17:57:09.595Z, storeId=8, serviceId=2}}, {id=3, name=Best Buy For Business, createdAt=2016-11-17T17:56:35.881Z, updatedAt=2016-11-17T17:56:35.881Z, storeservices={createdAt=2016-11-17T17:57:09.595Z, updatedAt=2016-11-17T17:57:09.595Z, storeId=8, serviceId=3}}, {id=4, name=Apple Shop, createdAt=2016-11-17T17:56:35.881Z, updatedAt=2016-11-17T17:56:35.881Z, storeservices={createdAt=2016-11-17T17:57:09.595Z, updatedAt=2016-11-17T17:57:09.595Z, storeId=8, serviceId=4}}, {id=7, name=Electronics Recycling, createdAt=2016-11-17T17:56:35.881Z, updatedAt=2016-11-17T17:56:35.881Z, storeservices={createdAt=2016-11-17T17:57:09.595Z, updatedAt=2016-11-17T17:57:09.595Z, storeId=8, serviceId=7}}, {id=9, name=Samsung Experience Shop, createdAt=2016-11-17T17:56:35.881Z, updatedAt=2016-11-17T17:56:35.881Z, storeservices={createdAt=2016-11-17T17:57:09.595Z, updatedAt=2016-11-17T17:57:09.595Z, storeId=8, serviceId=9}}, {id=18, name=Geek Squad Solution Central, createdAt=2016-11-17T17:56:35.881Z, updatedAt=2016-11-17T17:56:35.881Z, storeservices={createdAt=2016-11-17T17:57:09.595Z, updatedAt=2016-11-17T17:57:09.595Z, storeId=8, serviceId=18}}]}, {id=10, name=Maplewood, type=BigBox, address=1795 County Rd D E, address2=, city=Maplewood, state=MN, zip=55109, lat=45.036556, lng=-93.025986, hours=Mon: 10-9; Tue: 10-9; Wed: 10-9; Thurs: 10-9; Fri: 10-9; Sat: 10-9; Sun: 10-8, createdAt=2016-11-17T17:57:04.414Z, updatedAt=2016-11-17T17:57:04.414Z, services=[{id=1, name=Geek Squad Services, createdAt=2016-11-17T17:56:35.881Z, updatedAt=2016-11-17T17:56:35.881Z, storeservices={createdAt=2016-11-17T17:57:08.033Z, updatedAt=2016-11-17T17:57:08.033Z, storeId=10, serviceId=1}}, {id=2, name=Best Buy Mobile, createdAt=2016-11-17T17:56:35.881Z, updatedAt=2016-11-17T17:56:35.881Z, storeservices={createdAt=2016-11-17T17:57:08.033Z, updatedAt=2016-11-17T17:57:08.033Z, storeId=10, serviceId=2}}, {id=3, name=Best Buy For Business, createdAt=2016-11-17T17:56:35.881Z, updatedAt=2016-11-17T17:56:35.881Z, storeservices={createdAt=2016-11-17T17:57:08.033Z, updatedAt=2016-11-17T17:57:08.033Z, storeId=10, serviceId=3}}, {id=4, name=Apple Shop, createdAt=2016-11-17T17:56:35.881Z, updatedAt=2016-11-17T17:56:35.881Z, storeservices={createdAt=2016-11-17T17:57:08.033Z, updatedAt=2016-11-17T17:57:08.033Z, storeId=10, serviceId=4}}, {id=7, name=Electronics Recycling, createdAt=2016-11-17T17:56:35.881Z, updatedAt=2016-11-17T17:56:35.881Z, storeservices={createdAt=2016-11-17T17:57:08.033Z, updatedAt=2016-11-17T17:57:08.033Z, storeId=10, serviceId=7}}, {id=8, name=Magnolia Home Theater, createdAt=2016-11-17T17:56:35.881Z, updatedAt=2016-11-17T17:56:35.881Z, storeservices={createdAt=2016-11-17T17:57:08.033Z, updatedAt=2016-11-17T17:57:08.033Z, storeId=10, serviceId=8}}, {id=10, name=Windows Store, createdAt=2016-11-17T17:56:35.881Z, updatedAt=2016-11-17T17:56:35.881Z, storeservices={createdAt=2016-11-17T17:57:08.033Z, updatedAt=2016-11-17T17:57:08.033Z, storeId=10, serviceId=10}}, {id=11, name=Samsung Experience, createdAt=2016-11-17T17:56:35.881Z, updatedAt=2016-11-17T17:56:35.881Z, storeservices={createdAt=2016-11-17T17:57:08.033Z, updatedAt=2016-11-17T17:57:08.033Z, storeId=10, serviceId=11}}, {id=12, name=Car & GPS Installation Services, createdAt=2016-11-17T17:56:35.881Z, updatedAt=2016-11-17T17:56:35.881Z, storeservices={createdAt=2016-11-17T17:57:08.033Z, updatedAt=2016-11-17T17:57:08.033Z, storeId=10, serviceId=12}}, {id=13, name=LG Experience , createdAt=2016-11-17T17:56:35.881Z, updatedAt=2016-11-17T17:56:35.881Z, storeservices={createdAt=2016-11-17T17:57:08.033Z, updatedAt=2016-11-17T17:57:08.033Z, storeId=10, serviceId=13}}, {id=14, name=Sony Experience , createdAt=2016-11-17T17:56:35.881Z, updatedAt=2016-11-17T17:56:35.881Z, storeservices={createdAt=2016-11-17T17:57:08.033Z, updatedAt=2016-11-17T17:57:08.033Z, storeId=10, serviceId=14}}, {id=18, name=Geek Squad Solution Central, createdAt=2016-11-17T17:56:35.881Z, updatedAt=2016-11-17T17:56:35.881Z, storeservices={createdAt=2016-11-17T17:57:08.033Z, updatedAt=2016-11-17T17:57:08.033Z, storeId=10, serviceId=18}}]}, {id=11, name=Northtown, type=BigBox, address=300 Northtown Dr Ne, address2=, city=Blaine, state=MN, zip=55434, lat=45.12618, lng=-93.26143, hours=Mon: 10-9; Tue: 10-9; Wed: 10-9; Thurs: 10-9; Fri: 10-9; Sat: 10-9; Sun: 10-8, createdAt=2016-11-17T17:57:04.542Z, updatedAt=2016-11-17T17:57:04.542Z, services=[{id=1, name=Geek Squad Services, createdAt=2016-11-17T17:56:35.881Z, updatedAt=2016-11-17T17:56:35.881Z, storeservices={createdAt=2016-11-17T17:57:08.154Z, updatedAt=2016-11-17T17:57:08.154Z, storeId=11, serviceId=1}}, {id=2, name=Best Buy Mobile, createdAt=2016-11-17T17:56:35.881Z, updatedAt=2016-11-17T17:56:35.881Z, storeservices={createdAt=2016-11-17T17:57:08.154Z, updatedAt=2016-11-17T17:57:08.154Z, storeId=11, serviceId=2}}, {id=3, name=Best Buy For Business, createdAt=2016-11-17T17:56:35.881Z, updatedAt=2016-11-17T17:56:35.881Z, storeservices={createdAt=2016-11-17T17:57:08.154Z, updatedAt=2016-11-17T17:57:08.154Z, storeId=11, serviceId=3}}, {id=5, name=Hablamos Español, createdAt=2016-11-17T17:56:35.881Z, updatedAt=2016-11-17T17:56:35.881Z, storeservices={createdAt=2016-11-17T17:57:08.154Z, updatedAt=2016-11-17T17:57:08.154Z, storeId=11, serviceId=5}}, {id=7, name=Electronics Recycling, createdAt=2016-11-17T17:56:35.881Z, updatedAt=2016-11-17T17:56:35.881Z, storeservices={createdAt=2016-11-17T17:57:08.154Z, updatedAt=2016-11-17T17:57:08.154Z, storeId=11, serviceId=7}}, {id=9, name=Samsung Experience Shop, createdAt=2016-11-17T17:56:35.881Z, updatedAt=2016-11-17T17:56:35.881Z, storeservices={createdAt=2016-11-17T17:57:08.154Z, updatedAt=2016-11-17T17:57:08.154Z, storeId=11, serviceId=9}}, {id=10, name=Windows Store, createdAt=2016-11-17T17:56:35.881Z, updatedAt=2016-11-17T17:56:35.881Z, storeservices={createdAt=2016-11-17T17:57:08.154Z, updatedAt=2016-11-17T17:57:08.154Z, storeId=11, serviceId=10}}, {id=12, name=Car & GPS Installation Services, createdAt=2016-11-17T17:56:35.881Z, updatedAt=2016-11-17T17:56:35.881Z, storeservices={createdAt=2016-11-17T17:57:08.154Z, updatedAt=2016-11-17T17:57:08.154Z, storeId=11, serviceId=12}}]}, {id=12, name=St Cloud, type=BigBox, address=4130 W Division St, address2=, city=Saint Cloud, state=MN, zip=56301, lat=45.55275, lng=-94.209656, hours=Mon: 10-9; Tue: 10-9; Wed: 10-9; Thurs: 10-9; Fri: 9-9; Sat: 9-9; Sun: 10-8, createdAt=2016-11-17T17:57:04.575Z, updatedAt=2016-11-17T17:57:04.575Z, services=[{id=1, name=Geek Squad Services, createdAt=2016-11-17T17:56:35.881Z, updatedAt=2016-11-17T17:56:35.881Z, storeservices={createdAt=2016-11-17T17:57:08.169Z, updatedAt=2016-11-17T17:57:08.169Z, storeId=12, serviceId=1}}, {id=2, name=Best Buy Mobile, createdAt=2016-11-17T17:56:35.881Z, updatedAt=2016-11-17T17:56:35.881Z, storeservices={createdAt=2016-11-17T17:57:08.169Z, updatedAt=2016-11-17T17:57:08.169Z, storeId=12, serviceId=2}}, {id=3, name=Best Buy For Business, createdAt=2016-11-17T17:56:35.881Z, updatedAt=2016-11-17T17:56:35.881Z, storeservices={createdAt=2016-11-17T17:57:08.169Z, updatedAt=2016-11-17T17:57:08.169Z, storeId=12, serviceId=3}}, {id=4, name=Apple Shop, createdAt=2016-11-17T17:56:35.881Z, updatedAt=2016-11-17T17:56:35.881Z, storeservices={createdAt=2016-11-17T17:57:08.169Z, updatedAt=2016-11-17T17:57:08.169Z, storeId=12, serviceId=4}}, {id=5, name=Hablamos Español, createdAt=2016-11-17T17:56:35.881Z, updatedAt=2016-11-17T17:56:35.881Z, storeservices={createdAt=2016-11-17T17:57:08.169Z, updatedAt=2016-11-17T17:57:08.169Z, storeId=12, serviceId=5}}, {id=7, name=Electronics Recycling, createdAt=2016-11-17T17:56:35.881Z, updatedAt=2016-11-17T17:56:35.881Z, storeservices={createdAt=2016-11-17T17:57:08.169Z, updatedAt=2016-11-17T17:57:08.169Z, storeId=12, serviceId=7}}, {id=10, name=Windows Store, createdAt=2016-11-17T17:56:35.881Z, updatedAt=2016-11-17T17:56:35.881Z, storeservices={createdAt=2016-11-17T17:57:08.169Z, updatedAt=2016-11-17T17:57:08.169Z, storeId=12, serviceId=10}}, {id=11, name=Samsung Experience, createdAt=2016-11-17T17:56:35.881Z, updatedAt=2016-11-17T17:56:35.881Z, storeservices={createdAt=2016-11-17T17:57:08.169Z, updatedAt=2016-11-17T17:57:08.169Z, storeId=12, serviceId=11}}, {id=12, name=Car & GPS Installation Services, createdAt=2016-11-17T17:56:35.881Z, updatedAt=2016-11-17T17:56:35.881Z, storeservices={createdAt=2016-11-17T17:57:08.169Z, updatedAt=2016-11-17T17:57:08.169Z, storeId=12, serviceId=12}}, {id=15, name=Best Buy Marine Powered by Geek Squad, createdAt=2016-11-17T17:56:35.881Z, updatedAt=2016-11-17T17:56:35.881Z, storeservices={createdAt=2016-11-17T17:57:08.169Z, updatedAt=2016-11-17T17:57:08.169Z, storeId=12, serviceId=15}}]}, {id=13, name=Fargo, type=BigBox, address=1615 38th St S, address2=, city=Fargo, state=ND, zip=58103, lat=46.857113, lng=-96.84274, hours=Mon: 10-9; Tue: 10-9; Wed: 10-9; Thurs: 10-9; Fri: 9-9; Sat: 9-9; Sun: 12-8, createdAt=2016-11-17T17:57:04.603Z, updatedAt=2016-11-17T17:57:04.603Z, services=[{id=1, name=Geek Squad Services, createdAt=2016-11-17T17:56:35.881Z, updatedAt=2016-11-17T17:56:35.881Z, storeservices={createdAt=2016-11-17T17:57:08.218Z, updatedAt=2016-11-17T17:57:08.218Z, storeId=13, serviceId=1}}, {id=2, name=Best Buy Mobile, createdAt=2016-11-17T17:56:35.881Z, updatedAt=2016-11-17T17:56:35.881Z, storeservices={createdAt=2016-11-17T17:57:08.218Z, updatedAt=2016-11-17T17:57:08.218Z, storeId=13, serviceId=2}}, {id=3, name=Best Buy For Business, createdAt=2016-11-17T17:56:35.881Z, updatedAt=2016-11-17T17:56:35.881Z, storeservices={createdAt=2016-11-17T17:57:08.218Z, updatedAt=2016-11-17T17:57:08.218Z, storeId=13, serviceId=3}}, {id=4, name=Apple Shop, createdAt=2016-11-17T17:56:35.881Z, updatedAt=2016-11-17T17:56:35.881Z, storeservices={createdAt=2016-11-17T17:57:08.218Z, updatedAt=2016-11-17T17:57:08.218Z, storeId=13, serviceId=4}}, {id=7, name=Electronics Recycling, createdAt=2016-11-17T17:56:35.881Z, updatedAt=2016-11-17T17:56:35.881Z, storeservices={createdAt=2016-11-17T17:57:08.218Z, updatedAt=2016-11-17T17:57:08.218Z, storeId=13, serviceId=7}}, {id=10, name=Windows Store, createdAt=2016-11-17T17:56:35.881Z, updatedAt=2016-11-17T17:56:35.881Z, storeservices={createdAt=2016-11-17T17:57:08.218Z, updatedAt=2016-11-17T17:57:08.218Z, storeId=13, serviceId=10}}, {id=11, name=Samsung Experience, createdAt=2016-11-17T17:56:35.881Z, updatedAt=2016-11-17T17:56:35.881Z, storeservices={createdAt=2016-11-17T17:57:08.218Z, updatedAt=2016-11-17T17:57:08.218Z, storeId=13, serviceId=11}}, {id=12, name=Car & GPS Installation Services, createdAt=2016-11-17T17:56:35.881Z, updatedAt=2016-11-17T17:56:35.881Z, storeservices={createdAt=2016-11-17T17:57:08.218Z, updatedAt=2016-11-17T17:57:08.218Z, storeId=13, serviceId=12}}, {id=13, name=LG Experience , createdAt=2016-11-17T17:56:35.881Z, updatedAt=2016-11-17T17:56:35.881Z, storeservices={createdAt=2016-11-17T17:57:08.218Z, updatedAt=2016-11-17T17:57:08.218Z, storeId=13, serviceId=13}}, {id=14, name=Sony Experience , createdAt=2016-11-17T17:56:35.881Z, updatedAt=2016-11-17T17:56:35.881Z, storeservices={createdAt=2016-11-17T17:57:08.218Z, updatedAt=2016-11-17T17:57:08.218Z, storeId=13, serviceId=14}}, {id=15, name=Best Buy Marine Powered by Geek Squad, createdAt=2016-11-17T17:56:35.881Z, updatedAt=2016-11-17T17:56:35.881Z, storeservices={createdAt=2016-11-17T17:57:08.218Z, updatedAt=2016-11-17T17:57:08.218Z, storeId=13, serviceId=15}}]}, {id=14, name=Rochester, type=BigBox, address=4050 Hwy 52 N, address2=, city=Rochester, state=MN, zip=55901, lat=44.064365, lng=-92.496895, hours=Mon: 10-9; Tue: 10-9; Wed: 10-9; Thurs: 10-9; Fri: 10-9; Sat: 10-9; Sun: 10-8, createdAt=2016-11-17T17:57:04.756Z, updatedAt=2016-11-17T17:57:04.756Z, services=[{id=1, name=Geek Squad Services, createdAt=2016-11-17T17:56:35.881Z, updatedAt=2016-11-17T17:56:35.881Z, storeservices={createdAt=2016-11-17T17:57:08.328Z, updatedAt=2016-11-17T17:57:08.328Z, storeId=14, serviceId=1}}, {id=2, name=Best Buy Mobile, createdAt=2016-11-17T17:56:35.881Z, updatedAt=2016-11-17T17:56:35.881Z, storeservices={createdAt=2016-11-17T17:57:08.328Z, updatedAt=2016-11-17T17:57:08.328Z, storeId=14, serviceId=2}}, {id=3, name=Best Buy For Business, createdAt=2016-11-17T17:56:35.881Z, updatedAt=2016-11-17T17:56:35.881Z, storeservices={createdAt=2016-11-17T17:57:08.328Z, updatedAt=2016-11-17T17:57:08.328Z, storeId=14, serviceId=3}}, {id=4, name=Apple Shop, createdAt=2016-11-17T17:56:35.881Z, updatedAt=2016-11-17T17:56:35.881Z, storeservices={createdAt=2016-11-17T17:57:08.328Z, updatedAt=2016-11-17T17:57:08.328Z, storeId=14, serviceId=4}}, {id=7, name=Electronics Recycling, createdAt=2016-11-17T17:56:35.881Z, updatedAt=2016-11-17T17:56:35.881Z, storeservices={createdAt=2016-11-17T17:57:08.328Z, updatedAt=2016-11-17T17:57:08.328Z, storeId=14, serviceId=7}}, {id=10, name=Windows Store, createdAt=2016-11-17T17:56:35.881Z, updatedAt=2016-11-17T17:56:35.881Z, storeservices={createdAt=2016-11-17T17:57:08.328Z, updatedAt=2016-11-17T17:57:08.328Z, storeId=14, serviceId=10}}, {id=11, name=Samsung Experience, createdAt=2016-11-17T17:56:35.881Z, updatedAt=2016-11-17T17:56:35.881Z, storeservices={createdAt=2016-11-17T17:57:08.328Z, updatedAt=2016-11-17T17:57:08.328Z, storeId=14, serviceId=11}}, {id=12, name=Car & GPS Installation Services, createdAt=2016-11-17T17:56:35.881Z, updatedAt=2016-11-17T17:56:35.881Z, storeservices={createdAt=2016-11-17T17:57:08.328Z, updatedAt=2016-11-17T17:57:08.328Z, storeId=14, serviceId=12}}, {id=13, name=LG Experience , createdAt=2016-11-17T17:56:35.881Z, updatedAt=2016-11-17T17:56:35.881Z, storeservices={createdAt=2016-11-17T17:57:08.328Z, updatedAt=2016-11-17T17:57:08.328Z, storeId=14, serviceId=13}}, {id=14, name=Sony Experience , createdAt=2016-11-17T17:56:35.881Z, updatedAt=2016-11-17T17:56:35.881Z, storeservices={createdAt=2016-11-17T17:57:08.328Z, updatedAt=2016-11-17T17:57:08.328Z, storeId=14, serviceId=14}}]}, {id=15, name=Oakdale, type=BigBox, address=8301 3rd St N, address2=, city=Oakdale, state=MN, zip=55128, lat=44.950054, lng=-92.93639, hours=Mon: 10-9; Tue: 10-9; Wed: 10-9; Thurs: 10-9; Fri: 10-9; Sat: 10-9; Sun: 10-8, createdAt=2016-11-17T17:57:04.813Z, updatedAt=2016-11-17T17:57:04.813Z, services=[{id=1, name=Geek Squad Services, createdAt=2016-11-17T17:56:35.881Z, updatedAt=2016-11-17T17:56:35.881Z, storeservices={createdAt=2016-11-17T17:57:08.361Z, updatedAt=2016-11-17T17:57:08.361Z, storeId=15, serviceId=1}}, {id=2, name=Best Buy Mobile, createdAt=2016-11-17T17:56:35.881Z, updatedAt=2016-11-17T17:56:35.881Z, storeservices={createdAt=2016-11-17T17:57:08.361Z, updatedAt=2016-11-17T17:57:08.361Z, storeId=15, serviceId=2}}, {id=3, name=Best Buy For Business, createdAt=2016-11-17T17:56:35.881Z, updatedAt=2016-11-17T17:56:35.881Z, storeservices={createdAt=2016-11-17T17:57:08.361Z, updatedAt=2016-11-17T17:57:08.361Z, storeId=15, serviceId=3}}, {id=4, name=Apple Shop, createdAt=2016-11-17T17:56:35.881Z, updatedAt=2016-11-17T17:56:35.881Z, storeservices={createdAt=2016-11-17T17:57:08.361Z, updatedAt=2016-11-17T17:57:08.361Z, storeId=15, serviceId=4}}, {id=7, name=Electronics Recycling, createdAt=2016-11-17T17:56:35.881Z, updatedAt=2016-11-17T17:56:35.881Z, storeservices={createdAt=2016-11-17T17:57:08.361Z, updatedAt=2016-11-17T17:57:08.361Z, storeId=15, serviceId=7}}, {id=10, name=Windows Store, createdAt=2016-11-17T17:56:35.881Z, updatedAt=2016-11-17T17:56:35.881Z, storeservices={createdAt=2016-11-17T17:57:08.361Z, updatedAt=2016-11-17T17:57:08.361Z, storeId=15, serviceId=10}}, {id=11, name=Samsung Experience, createdAt=2016-11-17T17:56:35.881Z, updatedAt=2016-11-17T17:56:35.881Z, storeservices={createdAt=2016-11-17T17:57:08.361Z, updatedAt=2016-11-17T17:57:08.361Z, storeId=15, serviceId=11}}, {id=12, name=Car & GPS Installation Services, createdAt=2016-11-17T17:56:35.881Z, updatedAt=2016-11-17T17:56:35.881Z, storeservices={createdAt=2016-11-17T17:57:08.361Z, updatedAt=2016-11-17T17:57:08.361Z, storeId=15, serviceId=12}}, {id=13, name=LG Experience , createdAt=2016-11-17T17:56:35.881Z, updatedAt=2016-11-17T17:56:35.881Z, storeservices={createdAt=2016-11-17T17:57:08.361Z, updatedAt=2016-11-17T17:57:08.361Z, storeId=15, serviceId=13}}, {id=14, name=Sony Experience , createdAt=2016-11-17T17:56:35.881Z, updatedAt=2016-11-17T17:56:35.881Z, storeservices={createdAt=2016-11-17T17:57:08.361Z, updatedAt=2016-11-17T17:57:08.361Z, storeId=15, serviceId=14}}, {id=17, name=Magnolia Design Center , createdAt=2016-11-17T17:56:35.881Z, updatedAt=2016-11-17T17:56:35.881Z, storeservices={createdAt=2016-11-17T17:57:08.361Z, updatedAt=2016-11-17T17:57:08.361Z, storeId=15, serviceId=17}}, {id=18, name=Geek Squad Solution Central, createdAt=2016-11-17T17:56:35.881Z, updatedAt=2016-11-17T17:56:35.881Z, storeservices={createdAt=2016-11-17T17:57:08.361Z, updatedAt=2016-11-17T17:57:08.361Z, storeId=15, serviceId=18}}, {id=19, name=Pacific Kitchen & Home, createdAt=2016-11-17T17:56:35.881Z, updatedAt=2016-11-17T17:56:35.881Z, storeservices={createdAt=2016-11-17T17:57:08.361Z, updatedAt=2016-11-17T17:57:08.361Z, storeId=15, serviceId=19}}]}]
------------------End of Test---------------------------
]]></system-out>
  </testcase>
  <testcase name="test07" classname="com.bestbuy.testsuite.StoresExtractionTest" time="0.095">
    <system-out><![CDATA[------------------StartingTest---------------------------
The value of the store is : [{id=12, name=St Cloud, type=BigBox, address=4130 W Division St, address2=, city=Saint Cloud, state=MN, zip=56301, lat=45.55275, lng=-94.209656, hours=Mon: 10-9; Tue: 10-9; Wed: 10-9; Thurs: 10-9; Fri: 9-9; Sat: 9-9; Sun: 10-8, createdAt=2016-11-17T17:57:04.575Z, updatedAt=2016-11-17T17:57:04.575Z, services=[{id=1, name=Geek Squad Services, createdAt=2016-11-17T17:56:35.881Z, updatedAt=2016-11-17T17:56:35.881Z, storeservices={createdAt=2016-11-17T17:57:08.169Z, updatedAt=2016-11-17T17:57:08.169Z, storeId=12, serviceId=1}}, {id=2, name=Best Buy Mobile, createdAt=2016-11-17T17:56:35.881Z, updatedAt=2016-11-17T17:56:35.881Z, storeservices={createdAt=2016-11-17T17:57:08.169Z, updatedAt=2016-11-17T17:57:08.169Z, storeId=12, serviceId=2}}, {id=3, name=Best Buy For Business, createdAt=2016-11-17T17:56:35.881Z, updatedAt=2016-11-17T17:56:35.881Z, storeservices={createdAt=2016-11-17T17:57:08.169Z, updatedAt=2016-11-17T17:57:08.169Z, storeId=12, serviceId=3}}, {id=4, name=Apple Shop, createdAt=2016-11-17T17:56:35.881Z, updatedAt=2016-11-17T17:56:35.881Z, storeservices={createdAt=2016-11-17T17:57:08.169Z, updatedAt=2016-11-17T17:57:08.169Z, storeId=12, serviceId=4}}, {id=5, name=Hablamos Español, createdAt=2016-11-17T17:56:35.881Z, updatedAt=2016-11-17T17:56:35.881Z, storeservices={createdAt=2016-11-17T17:57:08.169Z, updatedAt=2016-11-17T17:57:08.169Z, storeId=12, serviceId=5}}, {id=7, name=Electronics Recycling, createdAt=2016-11-17T17:56:35.881Z, updatedAt=2016-11-17T17:56:35.881Z, storeservices={createdAt=2016-11-17T17:57:08.169Z, updatedAt=2016-11-17T17:57:08.169Z, storeId=12, serviceId=7}}, {id=10, name=Windows Store, createdAt=2016-11-17T17:56:35.881Z, updatedAt=2016-11-17T17:56:35.881Z, storeservices={createdAt=2016-11-17T17:57:08.169Z, updatedAt=2016-11-17T17:57:08.169Z, storeId=12, serviceId=10}}, {id=11, name=Samsung Experience, createdAt=2016-11-17T17:56:35.881Z, updatedAt=2016-11-17T17:56:35.881Z, storeservices={createdAt=2016-11-17T17:57:08.169Z, updatedAt=2016-11-17T17:57:08.169Z, storeId=12, serviceId=11}}, {id=12, name=Car & GPS Installation Services, createdAt=2016-11-17T17:56:35.881Z, updatedAt=2016-11-17T17:56:35.881Z, storeservices={createdAt=2016-11-17T17:57:08.169Z, updatedAt=2016-11-17T17:57:08.169Z, storeId=12, serviceId=12}}, {id=15, name=Best Buy Marine Powered by Geek Squad, createdAt=2016-11-17T17:56:35.881Z, updatedAt=2016-11-17T17:56:35.881Z, storeservices={createdAt=2016-11-17T17:57:08.169Z, updatedAt=2016-11-17T17:57:08.169Z, storeId=12, serviceId=15}}]}]
------------------End of Test---------------------------
]]></system-out>
  </testcase>
</testsuite>